<?xml version="1.0" encoding="UTF-8"?>
<testsuite xmlns:xsi="http://www.w3.org/2001/XMLSchema-instance" xsi:noNamespaceSchemaLocation="https://maven.apache.org/surefire/maven-surefire-plugin/xsd/surefire-test-report.xsd" version="3.0.2" name="com.qa.opencart.testrunners.TestRunner" time="38.972" tests="5" errors="0" skipped="0" failures="1">
  <properties>
[...]
</properties>
  <testcase name="Account Page Title" classname="Accounts Page Feature" time="18.804">
    <system-out><![CDATA[
Scenario: Account Page Title                           &amp#27;[90m# src/test/resources/features/AccountsPage.feature:8&amp#27;[0m
Browser Name Passed: chrome
Chrome Browser Launched....
login with: shivansharma07@gmail.com and Selenium@12345
  &amp#27;[32mGiven &amp#27;[0m&amp#27;[32mUser has already logged into the OpenCart site&amp#27;[0m &amp#27;[90m# com.qa.opencart.stepdefinitions.AccountsPageSteps.user_has_already_logged_into_the_open_cart_site(io.cucumber.datatable.DataTable)&amp#27;[0m
    | Username                 | Password       |
    | shivansharma07@gmail.com | Selenium@12345 |
  &amp#27;[32mGiven &amp#27;[0m&amp#27;[32muser is on accounts page&amp#27;[0m                       &amp#27;[90m# com.qa.opencart.stepdefinitions.AccountsPageSteps.user_is_on_accounts_page()&amp#27;[0m
Page title is: My Account
  &amp#27;[32mWhen &amp#27;[0m&amp#27;[32muser gets the title of the page&amp#27;[0m                 &amp#27;[90m# com.qa.opencart.stepdefinitions.LoginPageSteps.user_gets_the_title_of_the_page()&amp#27;[0m
  &amp#27;[32mThen &amp#27;[0m&amp#27;[32mpage title should be &amp#27;[0m&amp#27;[32m&amp#27;[1m"My Account"&amp#27;[0m               &amp#27;[90m# com.qa.opencart.stepdefinitions.LoginPageSteps.page_title_should_be(java.lang.String)&amp#27;[0m
]]></system-out>
    <system-err><![CDATA[Mar 18, 2025 8:14:24 PM org.openqa.selenium.devtools.CdpVersionFinder findNearestMatch
WARNING: Unable to find CDP implementation matching 134
Mar 18, 2025 8:14:24 PM org.openqa.selenium.chromium.ChromiumDriver lambda$new$5
WARNING: Unable to find version of CDP to use for 134.0.6998.89. You may need to include a dependency on a specific version of the CDP using something similar to `org.seleniumhq.selenium:selenium-devtools-v86:4.19.0` where the version ("v86") matches the version of the chromium-based browser you're using and the version number of the artifact is the same as Selenium's.
]]></system-err>
  </testcase>
  <testcase name="Account Page Headers" classname="Accounts Page Feature" time="7.446">
    <system-out><![CDATA[
Scenario: Account Page Headers                         &amp#27;[90m# src/test/resources/features/AccountsPage.feature:13&amp#27;[0m
Browser Name Passed: chrome
Chrome Browser Launched....
login with: shivansharma07@gmail.com and Selenium@12345
  &amp#27;[32mGiven &amp#27;[0m&amp#27;[32mUser has already logged into the OpenCart site&amp#27;[0m &amp#27;[90m# com.qa.opencart.stepdefinitions.AccountsPageSteps.user_has_already_logged_into_the_open_cart_site(io.cucumber.datatable.DataTable)&amp#27;[0m
    | Username                 | Password       |
    | shivansharma07@gmail.com | Selenium@12345 |
  &amp#27;[32mGiven &amp#27;[0m&amp#27;[32muser is on accounts page&amp#27;[0m                       &amp#27;[90m# com.qa.opencart.stepdefinitions.AccountsPageSteps.user_is_on_accounts_page()&amp#27;[0m
Actual accounts section list: [My Account, My Orders, My Affiliate Account, Newsletter]
  &amp#27;[32mWhen &amp#27;[0m&amp#27;[32muser get the accounts page header&amp#27;[0m               &amp#27;[90m# com.qa.opencart.stepdefinitions.AccountsPageSteps.user_get_the_accounts_page_header()&amp#27;[0m
Expected accounts section list: [My Account, My Orders, My Affiliate Account, Newsletter]
Actual accounts section list: [My Account, My Orders, My Affiliate Account, Newsletter]
  &amp#27;[32mThen &amp#27;[0m&amp#27;[32maccounts page headers are displayed&amp#27;[0m             &amp#27;[90m# com.qa.opencart.stepdefinitions.AccountsPageSteps.accounts_page_headers_are_displayed(io.cucumber.datatable.DataTable)&amp#27;[0m
    | My Account           |
    | My Orders            |
    | My Affiliate Account |
    | Newsletter           |
  &amp#27;[32mAnd &amp#27;[0m&amp#27;[32maccount page headers are &amp#27;[0m&amp#27;[32m&amp#27;[1m4&amp#27;[0m                       &amp#27;[90m# com.qa.opencart.stepdefinitions.AccountsPageSteps.account_page_headers_are(java.lang.Integer)&amp#27;[0m
]]></system-out>
    <system-err><![CDATA[Mar 18, 2025 8:14:42 PM org.openqa.selenium.devtools.CdpVersionFinder findNearestMatch
WARNING: Unable to find CDP implementation matching 134
Mar 18, 2025 8:14:42 PM org.openqa.selenium.chromium.ChromiumDriver lambda$new$5
WARNING: Unable to find version of CDP to use for 134.0.6998.89. You may need to include a dependency on a specific version of the CDP using something similar to `org.seleniumhq.selenium:selenium-devtools-v86:4.19.0` where the version ("v86") matches the version of the chromium-based browser you're using and the version number of the artifact is the same as Selenium's.
]]></system-err>
  </testcase>
  <testcase name="Login page title" classname="Login page feature" time="2.469">
    <system-out><![CDATA[
Scenario: Login page title                  &amp#27;[90m# src/test/resources/features/Login.feature:22&amp#27;[0m
Browser Name Passed: chrome
Chrome Browser Launched....
  &amp#27;[32mGiven &amp#27;[0m&amp#27;[32muser is on login page&amp#27;[0m               &amp#27;[90m# com.qa.opencart.stepdefinitions.LoginPageSteps.user_is_on_login_page()&amp#27;[0m
Page title is: Account Login
  &amp#27;[32mWhen &amp#27;[0m&amp#27;[32muser gets the title of the page&amp#27;[0m      &amp#27;[90m# com.qa.opencart.stepdefinitions.LoginPageSteps.user_gets_the_title_of_the_page()&amp#27;[0m
  &amp#27;[32mThen &amp#27;[0m&amp#27;[32mpage title should be &amp#27;[0m&amp#27;[32m&amp#27;[1m"Account Login"&amp#27;[0m &amp#27;[90m# com.qa.opencart.stepdefinitions.LoginPageSteps.page_title_should_be(java.lang.String)&amp#27;[0m
]]></system-out>
    <system-err><![CDATA[Mar 18, 2025 8:14:49 PM org.openqa.selenium.devtools.CdpVersionFinder findNearestMatch
WARNING: Unable to find CDP implementation matching 134
Mar 18, 2025 8:14:49 PM org.openqa.selenium.chromium.ChromiumDriver lambda$new$5
WARNING: Unable to find version of CDP to use for 134.0.6998.89. You may need to include a dependency on a specific version of the CDP using something similar to `org.seleniumhq.selenium:selenium-devtools-v86:4.19.0` where the version ("v86") matches the version of the chromium-based browser you're using and the version number of the artifact is the same as Selenium's.
]]></system-err>
  </testcase>
  <testcase name="Forgot Password link" classname="Login page feature" time="4.37">
    <system-out><![CDATA[
Scenario: Forgot Password link                       &amp#27;[90m# src/test/resources/features/Login.feature:27&amp#27;[0m
Browser Name Passed: chrome
Chrome Browser Launched....
  &amp#27;[32mGiven &amp#27;[0m&amp#27;[32muser is on login page&amp#27;[0m                        &amp#27;[90m# com.qa.opencart.stepdefinitions.LoginPageSteps.user_is_on_login_page()&amp#27;[0m
  &amp#27;[32mThen &amp#27;[0m&amp#27;[32mforgot your password link should be displayed&amp#27;[0m &amp#27;[90m# com.qa.opencart.stepdefinitions.LoginPageSteps.forgot_your_password_link_should_be_displayed()&amp#27;[0m
]]></system-out>
    <system-err><![CDATA[Mar 18, 2025 8:14:52 PM org.openqa.selenium.devtools.CdpVersionFinder findNearestMatch
WARNING: Unable to find CDP implementation matching 134
Mar 18, 2025 8:14:52 PM org.openqa.selenium.chromium.ChromiumDriver lambda$new$5
WARNING: Unable to find version of CDP to use for 134.0.6998.89. You may need to include a dependency on a specific version of the CDP using something similar to `org.seleniumhq.selenium:selenium-devtools-v86:4.19.0` where the version ("v86") matches the version of the chromium-based browser you're using and the version number of the artifact is the same as Selenium's.
]]></system-err>
  </testcase>
  <testcase name="Login with correct credentials" classname="Login page feature" time="3.883">
    <failure type="junit.framework.AssertionFailedError"><![CDATA[junit.framework.AssertionFailedError
	at junit.framework.Assert.fail(Assert.java:55)
	at junit.framework.Assert.assertTrue(Assert.java:22)
	at junit.framework.Assert.assertTrue(Assert.java:31)
	at com.qa.opencart.stepdefinitions.LoginPageSteps.page_title_should_be(LoginPageSteps.java:30)
	at ✽.page title should be "My Account"(file:///Users/shivan/eclipse-workspace/OpenCartSampleCucumberFrameworkJUnit/./src/test/resources/features/Login.feature:37)
]]></failure>
    <system-out><![CDATA[
Scenario: Login with correct credentials               &amp#27;[90m# src/test/resources/features/Login.feature:31&amp#27;[0m
Browser Name Passed: chrome
Chrome Browser Launched....
  &amp#27;[32mGiven &amp#27;[0m&amp#27;[32muser is on login page&amp#27;[0m                          &amp#27;[90m# com.qa.opencart.stepdefinitions.LoginPageSteps.user_is_on_login_page()&amp#27;[0m
  &amp#27;[32mWhen &amp#27;[0m&amp#27;[32muser enters username &amp#27;[0m&amp#27;[32m&amp#27;[1m"shivansharma07@gmail.com"&amp#27;[0m &amp#27;[90m# com.qa.opencart.stepdefinitions.LoginPageSteps.user_enters_username(java.lang.String)&amp#27;[0m
  &amp#27;[32mAnd &amp#27;[0m&amp#27;[32muser enters password &amp#27;[0m&amp#27;[32m&amp#27;[1m"Selenium@12345"&amp#27;[0m            &amp#27;[90m# com.qa.opencart.stepdefinitions.LoginPageSteps.user_enters_password(java.lang.String)&amp#27;[0m
  &amp#27;[32mAnd &amp#27;[0m&amp#27;[32muser clicks on Login button&amp#27;[0m                      &amp#27;[90m# com.qa.opencart.stepdefinitions.LoginPageSteps.user_clicks_on_login_button()&amp#27;[0m
Page title is: Account Login
  &amp#27;[32mThen &amp#27;[0m&amp#27;[32muser gets the title of the page&amp#27;[0m                 &amp#27;[90m# com.qa.opencart.stepdefinitions.LoginPageSteps.user_gets_the_title_of_the_page()&amp#27;[0m
  &amp#27;[31mAnd &amp#27;[0m&amp#27;[31mpage title should be &amp#27;[0m&amp#27;[31m&amp#27;[1m"My Account"&amp#27;[0m                &amp#27;[90m# com.qa.opencart.stepdefinitions.LoginPageSteps.page_title_should_be(java.lang.String)&amp#27;[0m
      &amp#27;[31mjunit.framework.AssertionFailedError
	at junit.framework.Assert.fail(Assert.java:55)
	at junit.framework.Assert.assertTrue(Assert.java:22)
	at junit.framework.Assert.assertTrue(Assert.java:31)
	at com.qa.opencart.stepdefinitions.LoginPageSteps.page_title_should_be(LoginPageSteps.java:30)
	at ✽.page title should be "My Account"(file:///Users/shivan/eclipse-workspace/OpenCartSampleCucumberFrameworkJUnit/./src/test/resources/features/Login.feature:37)
&amp#27;[0m

    Embedding Login_with_correct_credentials [image/png 260186 bytes]

]]></system-out>
    <system-err><![CDATA[Mar 18, 2025 8:14:56 PM org.openqa.selenium.devtools.CdpVersionFinder findNearestMatch
WARNING: Unable to find CDP implementation matching 134
Mar 18, 2025 8:14:56 PM org.openqa.selenium.chromium.ChromiumDriver lambda$new$5
WARNING: Unable to find version of CDP to use for 134.0.6998.89. You may need to include a dependency on a specific version of the CDP using something similar to `org.seleniumhq.selenium:selenium-devtools-v86:4.19.0` where the version ("v86") matches the version of the chromium-based browser you're using and the version number of the artifact is the same as Selenium's.
]]></system-err>
  </testcase>
</testsuite>